<?xml version="1.0" encoding="UTF-8"?>
<testsuite xmlns:xsi="http://www.w3.org/2001/XMLSchema-instance" xsi:noNamespaceSchemaLocation="https://maven.apache.org/surefire/maven-surefire-plugin/xsd/surefire-test-report-3.0.xsd" version="3.0" name="com.cancercure.tests.RegistrationTest" time="0.044" tests="1" errors="0" skipped="0" failures="0">
  <properties>
    <property name="java.specification.version" value="17"/>
    <property name="sun.cpu.isalist" value="amd64"/>
    <property name="sun.jnu.encoding" value="Cp1252"/>
    <property name="java.class.path" value="C:\Users\rajiv\Desktop\SkinCancerPredictor\Server\target\test-classes;C:\Users\rajiv\Desktop\SkinCancerPredictor\Server\target\classes;C:\Users\rajiv\.m2\repository\org\slf4j\slf4j-simple\1.7.5\slf4j-simple-1.7.5.jar;C:\Users\rajiv\.m2\repository\org\slf4j\slf4j-api\1.7.5\slf4j-api-1.7.5.jar;C:\Users\rajiv\.m2\repository\org\apache\logging\log4j\log4j-core\2.13.3\log4j-core-2.13.3.jar;C:\Users\rajiv\.m2\repository\org\apache\logging\log4j\log4j-api\2.13.3\log4j-api-2.13.3.jar;C:\Users\rajiv\.m2\repository\junit\junit\4.11\junit-4.11.jar;C:\Users\rajiv\.m2\repository\org\hamcrest\hamcrest-core\1.3\hamcrest-core-1.3.jar;C:\Users\rajiv\.m2\repository\org\glassfish\jersey\core\jersey-server\2.19\jersey-server-2.19.jar;C:\Users\rajiv\.m2\repository\org\glassfish\jersey\core\jersey-common\2.19\jersey-common-2.19.jar;C:\Users\rajiv\.m2\repository\org\glassfish\hk2\osgi-resource-locator\1.0.1\osgi-resource-locator-1.0.1.jar;C:\Users\rajiv\.m2\repository\javax\ws\rs\javax.ws.rs-api\2.0.1\javax.ws.rs-api-2.0.1.jar;C:\Users\rajiv\.m2\repository\org\glassfish\jersey\media\jersey-media-jaxb\2.19\jersey-media-jaxb-2.19.jar;C:\Users\rajiv\.m2\repository\javax\annotation\javax.annotation-api\1.2\javax.annotation-api-1.2.jar;C:\Users\rajiv\.m2\repository\org\glassfish\hk2\hk2-api\2.4.0-b25\hk2-api-2.4.0-b25.jar;C:\Users\rajiv\.m2\repository\org\glassfish\hk2\hk2-utils\2.4.0-b25\hk2-utils-2.4.0-b25.jar;C:\Users\rajiv\.m2\repository\org\glassfish\hk2\external\aopalliance-repackaged\2.4.0-b25\aopalliance-repackaged-2.4.0-b25.jar;C:\Users\rajiv\.m2\repository\org\glassfish\hk2\external\javax.inject\2.4.0-b25\javax.inject-2.4.0-b25.jar;C:\Users\rajiv\.m2\repository\org\glassfish\hk2\hk2-locator\2.4.0-b25\hk2-locator-2.4.0-b25.jar;C:\Users\rajiv\.m2\repository\org\javassist\javassist\3.18.1-GA\javassist-3.18.1-GA.jar;C:\Users\rajiv\.m2\repository\org\glassfish\jersey\bundles\repackaged\jersey-guava\2.19\jersey-guava-2.19.jar;C:\Users\rajiv\.m2\repository\javax\validation\validation-api\2.0.1.Final\validation-api-2.0.1.Final.jar;C:\Users\rajiv\.m2\repository\org\glassfish\jersey\containers\jersey-container-servlet\2.19\jersey-container-servlet-2.19.jar;C:\Users\rajiv\.m2\repository\org\glassfish\jersey\containers\jersey-container-servlet-core\2.19\jersey-container-servlet-core-2.19.jar;C:\Users\rajiv\.m2\repository\org\glassfish\jersey\media\jersey-media-multipart\2.19\jersey-media-multipart-2.19.jar;C:\Users\rajiv\.m2\repository\org\jvnet\mimepull\mimepull\1.9.13\mimepull-1.9.13.jar;C:\Users\rajiv\.m2\repository\org\glassfish\jersey\core\jersey-client\2.19\jersey-client-2.19.jar;C:\Users\rajiv\.m2\repository\org\glassfish\jersey\test-framework\jersey-test-framework-core\2.19\jersey-test-framework-core-2.19.jar;C:\Users\rajiv\.m2\repository\javax\servlet\javax.servlet-api\3.0.1\javax.servlet-api-3.0.1.jar;C:\Users\rajiv\.m2\repository\org\ow2\asm\asm-debug-all\5.0.3\asm-debug-all-5.0.3.jar;C:\Users\rajiv\.m2\repository\org\glassfish\jersey\bundles\jaxrs-ri\2.19\jaxrs-ri-2.19.jar;C:\Users\rajiv\.m2\repository\com\google\code\gson\gson\2.8.6\gson-2.8.6.jar;C:\Users\rajiv\.m2\repository\io\jsonwebtoken\jjwt-api\0.11.0\jjwt-api-0.11.0.jar;C:\Users\rajiv\.m2\repository\io\jsonwebtoken\jjwt-impl\0.11.0\jjwt-impl-0.11.0.jar;C:\Users\rajiv\.m2\repository\io\jsonwebtoken\jjwt-jackson\0.11.0\jjwt-jackson-0.11.0.jar;C:\Users\rajiv\.m2\repository\com\fasterxml\jackson\core\jackson-databind\2.9.10.1\jackson-databind-2.9.10.1.jar;C:\Users\rajiv\.m2\repository\com\fasterxml\jackson\core\jackson-annotations\2.9.10\jackson-annotations-2.9.10.jar;C:\Users\rajiv\.m2\repository\com\fasterxml\jackson\core\jackson-core\2.9.10\jackson-core-2.9.10.jar;C:\Users\rajiv\.m2\repository\jakarta\xml\bind\jakarta.xml.bind-api\2.3.3\jakarta.xml.bind-api-2.3.3.jar;C:\Users\rajiv\.m2\repository\jakarta\activation\jakarta.activation-api\1.2.2\jakarta.activation-api-1.2.2.jar;C:\Users\rajiv\.m2\repository\com\zaxxer\HikariCP\3.4.5\HikariCP-3.4.5.jar;C:\Users\rajiv\.m2\repository\mysql\mysql-connector-java\5.1.48\mysql-connector-java-5.1.48.jar;C:\Users\rajiv\.m2\repository\javax\servlet\servlet-api\2.5\servlet-api-2.5.jar;C:\Users\rajiv\.m2\repository\org\glassfish\jersey\media\jersey-media-moxy\2.8\jersey-media-moxy-2.8.jar;C:\Users\rajiv\.m2\repository\org\glassfish\jersey\ext\jersey-entity-filtering\2.8\jersey-entity-filtering-2.8.jar;C:\Users\rajiv\.m2\repository\org\eclipse\persistence\org.eclipse.persistence.moxy\2.5.0\org.eclipse.persistence.moxy-2.5.0.jar;C:\Users\rajiv\.m2\repository\org\eclipse\persistence\org.eclipse.persistence.core\2.5.0\org.eclipse.persistence.core-2.5.0.jar;C:\Users\rajiv\.m2\repository\org\eclipse\persistence\org.eclipse.persistence.asm\2.5.0\org.eclipse.persistence.asm-2.5.0.jar;C:\Users\rajiv\.m2\repository\org\eclipse\persistence\org.eclipse.persistence.antlr\2.5.0\org.eclipse.persistence.antlr-2.5.0.jar;C:\Users\rajiv\.m2\repository\commons-io\commons-io\2.8.0\commons-io-2.8.0.jar;"/>
    <property name="java.vm.vendor" value="Oracle Corporation"/>
    <property name="sun.arch.data.model" value="64"/>
    <property name="user.variant" value=""/>
    <property name="java.vendor.url" value="https://java.oracle.com/"/>
    <property name="user.timezone" value="Asia/Calcutta"/>
    <property name="os.name" value="Windows 11"/>
    <property name="java.vm.specification.version" value="17"/>
    <property name="sun.java.launcher" value="SUN_STANDARD"/>
    <property name="user.country" value="IN"/>
    <property name="sun.boot.library.path" value="C:\Program Files\Java\jdk-17\bin"/>
    <property name="sun.java.command" value="C:\Users\rajiv\AppData\Local\Temp\surefire10471354368407668362\surefirebooter-20250131234314490_3.jar C:\Users\rajiv\AppData\Local\Temp\surefire10471354368407668362 2025-01-31T23-43-14_321-jvmRun1 surefire-20250131234314490_1tmp surefire_0-20250131234314490_2tmp"/>
    <property name="jdk.debug" value="release"/>
    <property name="surefire.test.class.path" value="C:\Users\rajiv\Desktop\SkinCancerPredictor\Server\target\test-classes;C:\Users\rajiv\Desktop\SkinCancerPredictor\Server\target\classes;C:\Users\rajiv\.m2\repository\org\slf4j\slf4j-simple\1.7.5\slf4j-simple-1.7.5.jar;C:\Users\rajiv\.m2\repository\org\slf4j\slf4j-api\1.7.5\slf4j-api-1.7.5.jar;C:\Users\rajiv\.m2\repository\org\apache\logging\log4j\log4j-core\2.13.3\log4j-core-2.13.3.jar;C:\Users\rajiv\.m2\repository\org\apache\logging\log4j\log4j-api\2.13.3\log4j-api-2.13.3.jar;C:\Users\rajiv\.m2\repository\junit\junit\4.11\junit-4.11.jar;C:\Users\rajiv\.m2\repository\org\hamcrest\hamcrest-core\1.3\hamcrest-core-1.3.jar;C:\Users\rajiv\.m2\repository\org\glassfish\jersey\core\jersey-server\2.19\jersey-server-2.19.jar;C:\Users\rajiv\.m2\repository\org\glassfish\jersey\core\jersey-common\2.19\jersey-common-2.19.jar;C:\Users\rajiv\.m2\repository\org\glassfish\hk2\osgi-resource-locator\1.0.1\osgi-resource-locator-1.0.1.jar;C:\Users\rajiv\.m2\repository\javax\ws\rs\javax.ws.rs-api\2.0.1\javax.ws.rs-api-2.0.1.jar;C:\Users\rajiv\.m2\repository\org\glassfish\jersey\media\jersey-media-jaxb\2.19\jersey-media-jaxb-2.19.jar;C:\Users\rajiv\.m2\repository\javax\annotation\javax.annotation-api\1.2\javax.annotation-api-1.2.jar;C:\Users\rajiv\.m2\repository\org\glassfish\hk2\hk2-api\2.4.0-b25\hk2-api-2.4.0-b25.jar;C:\Users\rajiv\.m2\repository\org\glassfish\hk2\hk2-utils\2.4.0-b25\hk2-utils-2.4.0-b25.jar;C:\Users\rajiv\.m2\repository\org\glassfish\hk2\external\aopalliance-repackaged\2.4.0-b25\aopalliance-repackaged-2.4.0-b25.jar;C:\Users\rajiv\.m2\repository\org\glassfish\hk2\external\javax.inject\2.4.0-b25\javax.inject-2.4.0-b25.jar;C:\Users\rajiv\.m2\repository\org\glassfish\hk2\hk2-locator\2.4.0-b25\hk2-locator-2.4.0-b25.jar;C:\Users\rajiv\.m2\repository\org\javassist\javassist\3.18.1-GA\javassist-3.18.1-GA.jar;C:\Users\rajiv\.m2\repository\org\glassfish\jersey\bundles\repackaged\jersey-guava\2.19\jersey-guava-2.19.jar;C:\Users\rajiv\.m2\repository\javax\validation\validation-api\2.0.1.Final\validation-api-2.0.1.Final.jar;C:\Users\rajiv\.m2\repository\org\glassfish\jersey\containers\jersey-container-servlet\2.19\jersey-container-servlet-2.19.jar;C:\Users\rajiv\.m2\repository\org\glassfish\jersey\containers\jersey-container-servlet-core\2.19\jersey-container-servlet-core-2.19.jar;C:\Users\rajiv\.m2\repository\org\glassfish\jersey\media\jersey-media-multipart\2.19\jersey-media-multipart-2.19.jar;C:\Users\rajiv\.m2\repository\org\jvnet\mimepull\mimepull\1.9.13\mimepull-1.9.13.jar;C:\Users\rajiv\.m2\repository\org\glassfish\jersey\core\jersey-client\2.19\jersey-client-2.19.jar;C:\Users\rajiv\.m2\repository\org\glassfish\jersey\test-framework\jersey-test-framework-core\2.19\jersey-test-framework-core-2.19.jar;C:\Users\rajiv\.m2\repository\javax\servlet\javax.servlet-api\3.0.1\javax.servlet-api-3.0.1.jar;C:\Users\rajiv\.m2\repository\org\ow2\asm\asm-debug-all\5.0.3\asm-debug-all-5.0.3.jar;C:\Users\rajiv\.m2\repository\org\glassfish\jersey\bundles\jaxrs-ri\2.19\jaxrs-ri-2.19.jar;C:\Users\rajiv\.m2\repository\com\google\code\gson\gson\2.8.6\gson-2.8.6.jar;C:\Users\rajiv\.m2\repository\io\jsonwebtoken\jjwt-api\0.11.0\jjwt-api-0.11.0.jar;C:\Users\rajiv\.m2\repository\io\jsonwebtoken\jjwt-impl\0.11.0\jjwt-impl-0.11.0.jar;C:\Users\rajiv\.m2\repository\io\jsonwebtoken\jjwt-jackson\0.11.0\jjwt-jackson-0.11.0.jar;C:\Users\rajiv\.m2\repository\com\fasterxml\jackson\core\jackson-databind\2.9.10.1\jackson-databind-2.9.10.1.jar;C:\Users\rajiv\.m2\repository\com\fasterxml\jackson\core\jackson-annotations\2.9.10\jackson-annotations-2.9.10.jar;C:\Users\rajiv\.m2\repository\com\fasterxml\jackson\core\jackson-core\2.9.10\jackson-core-2.9.10.jar;C:\Users\rajiv\.m2\repository\jakarta\xml\bind\jakarta.xml.bind-api\2.3.3\jakarta.xml.bind-api-2.3.3.jar;C:\Users\rajiv\.m2\repository\jakarta\activation\jakarta.activation-api\1.2.2\jakarta.activation-api-1.2.2.jar;C:\Users\rajiv\.m2\repository\com\zaxxer\HikariCP\3.4.5\HikariCP-3.4.5.jar;C:\Users\rajiv\.m2\repository\mysql\mysql-connector-java\5.1.48\mysql-connector-java-5.1.48.jar;C:\Users\rajiv\.m2\repository\javax\servlet\servlet-api\2.5\servlet-api-2.5.jar;C:\Users\rajiv\.m2\repository\org\glassfish\jersey\media\jersey-media-moxy\2.8\jersey-media-moxy-2.8.jar;C:\Users\rajiv\.m2\repository\org\glassfish\jersey\ext\jersey-entity-filtering\2.8\jersey-entity-filtering-2.8.jar;C:\Users\rajiv\.m2\repository\org\eclipse\persistence\org.eclipse.persistence.moxy\2.5.0\org.eclipse.persistence.moxy-2.5.0.jar;C:\Users\rajiv\.m2\repository\org\eclipse\persistence\org.eclipse.persistence.core\2.5.0\org.eclipse.persistence.core-2.5.0.jar;C:\Users\rajiv\.m2\repository\org\eclipse\persistence\org.eclipse.persistence.asm\2.5.0\org.eclipse.persistence.asm-2.5.0.jar;C:\Users\rajiv\.m2\repository\org\eclipse\persistence\org.eclipse.persistence.antlr\2.5.0\org.eclipse.persistence.antlr-2.5.0.jar;C:\Users\rajiv\.m2\repository\commons-io\commons-io\2.8.0\commons-io-2.8.0.jar;"/>
    <property name="sun.cpu.endian" value="little"/>
    <property name="user.home" value="C:\Users\rajiv"/>
    <property name="user.language" value="en"/>
    <property name="java.specification.vendor" value="Oracle Corporation"/>
    <property name="java.version.date" value="2024-01-16"/>
    <property name="java.home" value="C:\Program Files\Java\jdk-17"/>
    <property name="file.separator" value="\"/>
    <property name="basedir" value="C:\Users\rajiv\Desktop\SkinCancerPredictor\Server"/>
    <property name="java.vm.compressedOopsMode" value="Zero based"/>
    <property name="line.separator" value="&#10;"/>
    <property name="java.vm.specification.vendor" value="Oracle Corporation"/>
    <property name="java.specification.name" value="Java Platform API Specification"/>
    <property name="surefire.real.class.path" value="C:\Users\rajiv\AppData\Local\Temp\surefire10471354368407668362\surefirebooter-20250131234314490_3.jar"/>
    <property name="user.script" value=""/>
    <property name="sun.management.compiler" value="HotSpot 64-Bit Tiered Compilers"/>
    <property name="java.runtime.version" value="17.0.10+11-LTS-240"/>
    <property name="user.name" value="rajiv"/>
    <property name="path.separator" value=";"/>
    <property name="os.version" value="10.0"/>
    <property name="java.runtime.name" value="Java(TM) SE Runtime Environment"/>
    <property name="file.encoding" value="Cp1252"/>
    <property name="java.vm.name" value="Java HotSpot(TM) 64-Bit Server VM"/>
    <property name="localRepository" value="C:\Users\rajiv\.m2\repository"/>
    <property name="java.vendor.url.bug" value="https://bugreport.java.com/bugreport/"/>
    <property name="java.io.tmpdir" value="C:\Users\rajiv\AppData\Local\Temp\"/>
    <property name="java.version" value="17.0.10"/>
    <property name="user.dir" value="C:\Users\rajiv\Desktop\SkinCancerPredictor\Server"/>
    <property name="os.arch" value="amd64"/>
    <property name="java.vm.specification.name" value="Java Virtual Machine Specification"/>
    <property name="sun.os.patch.level" value=""/>
    <property name="native.encoding" value="Cp1252"/>
    <property name="java.library.path" value="C:\Program Files\Java\jdk-17\bin;C:\WINDOWS\Sun\Java\bin;C:\WINDOWS\system32;C:\WINDOWS;C:\Program Files\Common Files\Oracle\Java\javapath;C:\WINDOWS\system32;C:\WINDOWS;C:\WINDOWS\System32\Wbem;C:\WINDOWS\System32\WindowsPowerShell\v1.0\;C:\WINDOWS\System32\OpenSSH\;C:\Program Files (x86)\scala\bin;C:\Program Files\Kubernetes\Minikube;C:\WINDOWS\system32;C:\WINDOWS;C:\WINDOWS\System32\Wbem;C:\WINDOWS\System32\WindowsPowerShell\v1.0\;C:\WINDOWS\System32\OpenSSH\;C:\Program Files\Git\cmd;E:\Program Files\apache-maven-3.9.6\bin;C:\Users\rajiv\AppData\Local\Microsoft\WindowsApps;;C:\Program Files\JetBrains\IntelliJ IDEA Community Edition 2023.3.5\bin;C:\Users\rajiv\AppData\Local\Coursier\data\bin;C:\Users\rajiv\AppData\Local\Microsoft\WindowsApps;C:\Users\rajiv\AppData\Local\Programs\Fiddler;C:\Users\rajiv\AppData\Local\Programs\Ollama;C:\Users\rajiv\AppData\Local\Programs\Microsoft VS Code\bin;."/>
    <property name="java.vm.info" value="mixed mode, sharing"/>
    <property name="java.vendor" value="Oracle Corporation"/>
    <property name="java.vm.version" value="17.0.10+11-LTS-240"/>
    <property name="sun.io.unicode.encoding" value="UnicodeLittle"/>
    <property name="java.class.version" value="61.0"/>
  </properties>
  <testcase name="register" classname="com.cancercure.tests.RegistrationTest" time="0.009">
    <system-out><![CDATA[This is the test case in registration class
]]></system-out>
  </testcase>
</testsuite>